<?xml version="1.0" encoding="UTF-8"?>
<testsuite xmlns:xsi="http://www.w3.org/2001/XMLSchema-instance" xsi:noNamespaceSchemaLocation="https://maven.apache.org/surefire/maven-surefire-plugin/xsd/surefire-test-report-3.0.xsd" version="3.0" name="TestSuite" time="36.418" tests="44" errors="0" skipped="0" failures="1">
  <properties>
    <property name="sun.desktop" value="windows"/>
    <property name="awt.toolkit" value="sun.awt.windows.WToolkit"/>
    <property name="java.specification.version" value="11"/>
    <property name="sun.cpu.isalist" value="amd64"/>
    <property name="sun.jnu.encoding" value="Cp1252"/>
    <property name="java.class.path" value="D:\Varios\Entrevistas\waes-test\target\test-classes;D:\Varios\Entrevistas\waes-test\target\classes;C:\Users\BLUE TRAIL SOFTWARE\.m2\repository\org\testng\testng\7.0.0\testng-7.0.0.jar;C:\Users\BLUE TRAIL SOFTWARE\.m2\repository\com\beust\jcommander\1.72\jcommander-1.72.jar;C:\Users\BLUE TRAIL SOFTWARE\.m2\repository\com\google\inject\guice\4.1.0\guice-4.1.0-no_aop.jar;C:\Users\BLUE TRAIL SOFTWARE\.m2\repository\javax\inject\javax.inject\1\javax.inject-1.jar;C:\Users\BLUE TRAIL SOFTWARE\.m2\repository\aopalliance\aopalliance\1.0\aopalliance-1.0.jar;C:\Users\BLUE TRAIL SOFTWARE\.m2\repository\com\google\guava\guava\19.0\guava-19.0.jar;C:\Users\BLUE TRAIL SOFTWARE\.m2\repository\commons-codec\commons-codec\1.9\commons-codec-1.9.jar;C:\Users\BLUE TRAIL SOFTWARE\.m2\repository\com\jayway\restassured\rest-assured\2.9.0\rest-assured-2.9.0.jar;C:\Users\BLUE TRAIL SOFTWARE\.m2\repository\org\codehaus\groovy\groovy\2.4.4\groovy-2.4.4.jar;C:\Users\BLUE TRAIL SOFTWARE\.m2\repository\org\codehaus\groovy\groovy-xml\2.4.4\groovy-xml-2.4.4.jar;C:\Users\BLUE TRAIL SOFTWARE\.m2\repository\org\apache\httpcomponents\httpclient\4.5.1\httpclient-4.5.1.jar;C:\Users\BLUE TRAIL SOFTWARE\.m2\repository\org\apache\httpcomponents\httpcore\4.4.3\httpcore-4.4.3.jar;C:\Users\BLUE TRAIL SOFTWARE\.m2\repository\commons-logging\commons-logging\1.2\commons-logging-1.2.jar;C:\Users\BLUE TRAIL SOFTWARE\.m2\repository\org\apache\httpcomponents\httpmime\4.5.1\httpmime-4.5.1.jar;C:\Users\BLUE TRAIL SOFTWARE\.m2\repository\org\hamcrest\hamcrest-core\1.3\hamcrest-core-1.3.jar;C:\Users\BLUE TRAIL SOFTWARE\.m2\repository\org\hamcrest\hamcrest-library\1.3\hamcrest-library-1.3.jar;C:\Users\BLUE TRAIL SOFTWARE\.m2\repository\org\ccil\cowan\tagsoup\tagsoup\1.2.1\tagsoup-1.2.1.jar;C:\Users\BLUE TRAIL SOFTWARE\.m2\repository\com\jayway\restassured\json-path\2.9.0\json-path-2.9.0.jar;C:\Users\BLUE TRAIL SOFTWARE\.m2\repository\org\codehaus\groovy\groovy-json\2.4.4\groovy-json-2.4.4.jar;C:\Users\BLUE TRAIL SOFTWARE\.m2\repository\com\jayway\restassured\rest-assured-common\2.9.0\rest-assured-common-2.9.0.jar;C:\Users\BLUE TRAIL SOFTWARE\.m2\repository\com\jayway\restassured\xml-path\2.9.0\xml-path-2.9.0.jar;C:\Users\BLUE TRAIL SOFTWARE\.m2\repository\org\apache\commons\commons-lang3\3.3.2\commons-lang3-3.3.2.jar;C:\Users\BLUE TRAIL SOFTWARE\.m2\repository\com\aventstack\extentreports\3.0.7\extentreports-3.0.7.jar;C:\Users\BLUE TRAIL SOFTWARE\.m2\repository\org\freemarker\freemarker\2.3.23\freemarker-2.3.23.jar;C:\Users\BLUE TRAIL SOFTWARE\.m2\repository\org\mongodb\mongodb-driver\3.3.0\mongodb-driver-3.3.0.jar;C:\Users\BLUE TRAIL SOFTWARE\.m2\repository\org\mongodb\bson\3.3.0\bson-3.3.0.jar;C:\Users\BLUE TRAIL SOFTWARE\.m2\repository\org\mongodb\mongodb-driver-core\3.3.0\mongodb-driver-core-3.3.0.jar;C:\Users\BLUE TRAIL SOFTWARE\.m2\repository\org\jsoup\jsoup\1.9.2\jsoup-1.9.2.jar;C:\Users\BLUE TRAIL SOFTWARE\.m2\repository\com\google\code\gson\gson\2.8.0\gson-2.8.0.jar;C:\Users\BLUE TRAIL SOFTWARE\.m2\repository\com\relevantcodes\extentreports\2.41.2\extentreports-2.41.2.jar;C:\Users\BLUE TRAIL SOFTWARE\.m2\repository\org\xerial\sqlite-jdbc\3.8.11.1\sqlite-jdbc-3.8.11.1.jar;C:\Users\BLUE TRAIL SOFTWARE\.m2\repository\org\apache\poi\poi-ooxml\3.17\poi-ooxml-3.17.jar;C:\Users\BLUE TRAIL SOFTWARE\.m2\repository\org\apache\poi\poi-ooxml-schemas\3.17\poi-ooxml-schemas-3.17.jar;C:\Users\BLUE TRAIL SOFTWARE\.m2\repository\org\apache\xmlbeans\xmlbeans\2.6.0\xmlbeans-2.6.0.jar;C:\Users\BLUE TRAIL SOFTWARE\.m2\repository\stax\stax-api\1.0.1\stax-api-1.0.1.jar;C:\Users\BLUE TRAIL SOFTWARE\.m2\repository\com\github\virtuald\curvesapi\1.04\curvesapi-1.04.jar;C:\Users\BLUE TRAIL SOFTWARE\.m2\repository\org\apache\poi\poi\3.17\poi-3.17.jar;C:\Users\BLUE TRAIL SOFTWARE\.m2\repository\org\apache\commons\commons-collections4\4.1\commons-collections4-4.1.jar;C:\Users\BLUE TRAIL SOFTWARE\.m2\repository\org\apache\logging\log4j\log4j-api\2.12.1\log4j-api-2.12.1.jar;C:\Users\BLUE TRAIL SOFTWARE\.m2\repository\org\apache\logging\log4j\log4j-core\2.12.1\log4j-core-2.12.1.jar;C:\Users\BLUE TRAIL SOFTWARE\.m2\repository\javax\xml\bind\jaxb-api\2.2.11\jaxb-api-2.2.11.jar;C:\Users\BLUE TRAIL SOFTWARE\.m2\repository\com\sun\xml\bind\jaxb-core\2.2.11\jaxb-core-2.2.11.jar;C:\Users\BLUE TRAIL SOFTWARE\.m2\repository\com\sun\xml\bind\jaxb-impl\2.2.11\jaxb-impl-2.2.11.jar;C:\Users\BLUE TRAIL SOFTWARE\.m2\repository\javax\activation\activation\1.1.1\activation-1.1.1.jar;C:\Users\BLUE TRAIL SOFTWARE\.m2\repository\org\json\json\20180130\json-20180130.jar;"/>
    <property name="java.vm.vendor" value="Oracle Corporation"/>
    <property name="sun.arch.data.model" value="64"/>
    <property name="user.variant" value=""/>
    <property name="java.vendor.url" value="http://java.oracle.com/"/>
    <property name="user.timezone" value="America/Buenos_Aires"/>
    <property name="user.country.format" value="AR"/>
    <property name="java.vm.specification.version" value="11"/>
    <property name="os.name" value="Windows 10"/>
    <property name="sun.java.launcher" value="SUN_STANDARD"/>
    <property name="user.country" value="US"/>
    <property name="sun.boot.library.path" value="C:\Program Files\Java\jdk-11.0.2\bin"/>
    <property name="sun.java.command" value="C:\Users\BLUE TRAIL SOFTWARE\AppData\Local\Temp\surefire2525923911770773028\surefirebooter5819923881317361228.jar C:\Users\BLUE TRAIL SOFTWARE\AppData\Local\Temp\surefire2525923911770773028 2019-10-07T19-23-05_370-jvmRun1 surefire6120263118688293588tmp surefire_07667081461358854187tmp"/>
    <property name="jdk.debug" value="release"/>
    <property name="surefire.test.class.path" value="D:\Varios\Entrevistas\waes-test\target\test-classes;D:\Varios\Entrevistas\waes-test\target\classes;C:\Users\BLUE TRAIL SOFTWARE\.m2\repository\org\testng\testng\7.0.0\testng-7.0.0.jar;C:\Users\BLUE TRAIL SOFTWARE\.m2\repository\com\beust\jcommander\1.72\jcommander-1.72.jar;C:\Users\BLUE TRAIL SOFTWARE\.m2\repository\com\google\inject\guice\4.1.0\guice-4.1.0-no_aop.jar;C:\Users\BLUE TRAIL SOFTWARE\.m2\repository\javax\inject\javax.inject\1\javax.inject-1.jar;C:\Users\BLUE TRAIL SOFTWARE\.m2\repository\aopalliance\aopalliance\1.0\aopalliance-1.0.jar;C:\Users\BLUE TRAIL SOFTWARE\.m2\repository\com\google\guava\guava\19.0\guava-19.0.jar;C:\Users\BLUE TRAIL SOFTWARE\.m2\repository\commons-codec\commons-codec\1.9\commons-codec-1.9.jar;C:\Users\BLUE TRAIL SOFTWARE\.m2\repository\com\jayway\restassured\rest-assured\2.9.0\rest-assured-2.9.0.jar;C:\Users\BLUE TRAIL SOFTWARE\.m2\repository\org\codehaus\groovy\groovy\2.4.4\groovy-2.4.4.jar;C:\Users\BLUE TRAIL SOFTWARE\.m2\repository\org\codehaus\groovy\groovy-xml\2.4.4\groovy-xml-2.4.4.jar;C:\Users\BLUE TRAIL SOFTWARE\.m2\repository\org\apache\httpcomponents\httpclient\4.5.1\httpclient-4.5.1.jar;C:\Users\BLUE TRAIL SOFTWARE\.m2\repository\org\apache\httpcomponents\httpcore\4.4.3\httpcore-4.4.3.jar;C:\Users\BLUE TRAIL SOFTWARE\.m2\repository\commons-logging\commons-logging\1.2\commons-logging-1.2.jar;C:\Users\BLUE TRAIL SOFTWARE\.m2\repository\org\apache\httpcomponents\httpmime\4.5.1\httpmime-4.5.1.jar;C:\Users\BLUE TRAIL SOFTWARE\.m2\repository\org\hamcrest\hamcrest-core\1.3\hamcrest-core-1.3.jar;C:\Users\BLUE TRAIL SOFTWARE\.m2\repository\org\hamcrest\hamcrest-library\1.3\hamcrest-library-1.3.jar;C:\Users\BLUE TRAIL SOFTWARE\.m2\repository\org\ccil\cowan\tagsoup\tagsoup\1.2.1\tagsoup-1.2.1.jar;C:\Users\BLUE TRAIL SOFTWARE\.m2\repository\com\jayway\restassured\json-path\2.9.0\json-path-2.9.0.jar;C:\Users\BLUE TRAIL SOFTWARE\.m2\repository\org\codehaus\groovy\groovy-json\2.4.4\groovy-json-2.4.4.jar;C:\Users\BLUE TRAIL SOFTWARE\.m2\repository\com\jayway\restassured\rest-assured-common\2.9.0\rest-assured-common-2.9.0.jar;C:\Users\BLUE TRAIL SOFTWARE\.m2\repository\com\jayway\restassured\xml-path\2.9.0\xml-path-2.9.0.jar;C:\Users\BLUE TRAIL SOFTWARE\.m2\repository\org\apache\commons\commons-lang3\3.3.2\commons-lang3-3.3.2.jar;C:\Users\BLUE TRAIL SOFTWARE\.m2\repository\com\aventstack\extentreports\3.0.7\extentreports-3.0.7.jar;C:\Users\BLUE TRAIL SOFTWARE\.m2\repository\org\freemarker\freemarker\2.3.23\freemarker-2.3.23.jar;C:\Users\BLUE TRAIL SOFTWARE\.m2\repository\org\mongodb\mongodb-driver\3.3.0\mongodb-driver-3.3.0.jar;C:\Users\BLUE TRAIL SOFTWARE\.m2\repository\org\mongodb\bson\3.3.0\bson-3.3.0.jar;C:\Users\BLUE TRAIL SOFTWARE\.m2\repository\org\mongodb\mongodb-driver-core\3.3.0\mongodb-driver-core-3.3.0.jar;C:\Users\BLUE TRAIL SOFTWARE\.m2\repository\org\jsoup\jsoup\1.9.2\jsoup-1.9.2.jar;C:\Users\BLUE TRAIL SOFTWARE\.m2\repository\com\google\code\gson\gson\2.8.0\gson-2.8.0.jar;C:\Users\BLUE TRAIL SOFTWARE\.m2\repository\com\relevantcodes\extentreports\2.41.2\extentreports-2.41.2.jar;C:\Users\BLUE TRAIL SOFTWARE\.m2\repository\org\xerial\sqlite-jdbc\3.8.11.1\sqlite-jdbc-3.8.11.1.jar;C:\Users\BLUE TRAIL SOFTWARE\.m2\repository\org\apache\poi\poi-ooxml\3.17\poi-ooxml-3.17.jar;C:\Users\BLUE TRAIL SOFTWARE\.m2\repository\org\apache\poi\poi-ooxml-schemas\3.17\poi-ooxml-schemas-3.17.jar;C:\Users\BLUE TRAIL SOFTWARE\.m2\repository\org\apache\xmlbeans\xmlbeans\2.6.0\xmlbeans-2.6.0.jar;C:\Users\BLUE TRAIL SOFTWARE\.m2\repository\stax\stax-api\1.0.1\stax-api-1.0.1.jar;C:\Users\BLUE TRAIL SOFTWARE\.m2\repository\com\github\virtuald\curvesapi\1.04\curvesapi-1.04.jar;C:\Users\BLUE TRAIL SOFTWARE\.m2\repository\org\apache\poi\poi\3.17\poi-3.17.jar;C:\Users\BLUE TRAIL SOFTWARE\.m2\repository\org\apache\commons\commons-collections4\4.1\commons-collections4-4.1.jar;C:\Users\BLUE TRAIL SOFTWARE\.m2\repository\org\apache\logging\log4j\log4j-api\2.12.1\log4j-api-2.12.1.jar;C:\Users\BLUE TRAIL SOFTWARE\.m2\repository\org\apache\logging\log4j\log4j-core\2.12.1\log4j-core-2.12.1.jar;C:\Users\BLUE TRAIL SOFTWARE\.m2\repository\javax\xml\bind\jaxb-api\2.2.11\jaxb-api-2.2.11.jar;C:\Users\BLUE TRAIL SOFTWARE\.m2\repository\com\sun\xml\bind\jaxb-core\2.2.11\jaxb-core-2.2.11.jar;C:\Users\BLUE TRAIL SOFTWARE\.m2\repository\com\sun\xml\bind\jaxb-impl\2.2.11\jaxb-impl-2.2.11.jar;C:\Users\BLUE TRAIL SOFTWARE\.m2\repository\javax\activation\activation\1.1.1\activation-1.1.1.jar;C:\Users\BLUE TRAIL SOFTWARE\.m2\repository\org\json\json\20180130\json-20180130.jar;"/>
    <property name="sun.cpu.endian" value="little"/>
    <property name="user.home" value="C:\Users\BLUE TRAIL SOFTWARE"/>
    <property name="user.language" value="en"/>
    <property name="java.specification.vendor" value="Oracle Corporation"/>
    <property name="java.version.date" value="2019-01-15"/>
    <property name="java.home" value="C:\Program Files\Java\jdk-11.0.2"/>
    <property name="file.separator" value="\"/>
    <property name="basedir" value="D:\Varios\Entrevistas\waes-test"/>
    <property name="java.vm.compressedOopsMode" value="Zero based"/>
    <property name="line.separator" value="&#10;"/>
    <property name="java.specification.name" value="Java Platform API Specification"/>
    <property name="java.vm.specification.vendor" value="Oracle Corporation"/>
    <property name="java.awt.graphicsenv" value="sun.awt.Win32GraphicsEnvironment"/>
    <property name="surefire.real.class.path" value="C:\Users\BLUE TRAIL SOFTWARE\AppData\Local\Temp\surefire2525923911770773028\surefirebooter5819923881317361228.jar"/>
    <property name="user.script" value=""/>
    <property name="sun.management.compiler" value="HotSpot 64-Bit Tiered Compilers"/>
    <property name="java.runtime.version" value="11.0.2+9-LTS"/>
    <property name="user.name" value="BLUE TRAIL SOFTWARE"/>
    <property name="path.separator" value=";"/>
    <property name="os.version" value="10.0"/>
    <property name="java.runtime.name" value="Java(TM) SE Runtime Environment"/>
    <property name="file.encoding" value="Cp1252"/>
    <property name="java.vm.name" value="Java HotSpot(TM) 64-Bit Server VM"/>
    <property name="java.vendor.version" value="18.9"/>
    <property name="localRepository" value="C:\Users\BLUE TRAIL SOFTWARE\.m2\repository"/>
    <property name="java.vendor.url.bug" value="http://bugreport.java.com/bugreport/"/>
    <property name="java.io.tmpdir" value="C:\Users\BLUETR~1\AppData\Local\Temp\"/>
    <property name="java.version" value="11.0.2"/>
    <property name="user.dir" value="D:\Varios\Entrevistas\waes-test"/>
    <property name="os.arch" value="amd64"/>
    <property name="java.vm.specification.name" value="Java Virtual Machine Specification"/>
    <property name="java.awt.printerjob" value="sun.awt.windows.WPrinterJob"/>
    <property name="user.language.format" value="es"/>
    <property name="sun.os.patch.level" value=""/>
    <property name="java.library.path" value="C:\Program Files\Java\jdk-11.0.2\bin;C:\WINDOWS\Sun\Java\bin;C:\WINDOWS\system32;C:\WINDOWS;C:\Program Files (x86)\Common Files\Oracle\Java\javapath;C:\WINDOWS\system32;C:\WINDOWS;C:\WINDOWS\System32\Wbem;C:\WINDOWS\System32\WindowsPowerShell\v1.0\;C:\Program Files\Git\cmd;D:\Java\apache-maven-3.6.0\bin;C:\Program Files\mosquitto;;C:\WINDOWS\System32\OpenSSH\;C:\Program Files (x86)\Intel\Intel(R) Management Engine Components\DAL;C:\Program Files\Intel\Intel(R) Management Engine Components\DAL;C:\Users\BLUE TRAIL SOFTWARE\AppData\Local\Microsoft\WindowsApps;C:\Users\BLUE TRAIL SOFTWARE\AppData\Local\Keybase\;."/>
    <property name="java.vendor" value="Oracle Corporation"/>
    <property name="java.vm.info" value="mixed mode"/>
    <property name="java.vm.version" value="11.0.2+9-LTS"/>
    <property name="sun.io.unicode.encoding" value="UnicodeLittle"/>
    <property name="java.class.version" value="55.0"/>
  </properties>
  <testcase name="deleteInvalidAuth" classname="waesqa.DeleteUserTest" time="0.143"/>
  <testcase name="deleteNonExistingUser" classname="waesqa.DeleteUserTest" time="0.094"/>
  <testcase name="deletePositive" classname="waesqa.DeleteUserTest" time="0.09"/>
  <testcase name="createNewAdminUserAndGetAllUsers" classname="waesqa.GetAllUsersTest" time="0.151"/>
  <testcase name="getAllUsersInvalidAuth" classname="waesqa.GetAllUsersTest" time="0.075"/>
  <testcase name="getAllUsersPositive" classname="waesqa.GetAllUsersTest" time="0.108"/>
  <testcase name="getEmptyUser" classname="waesqa.GetUserTest" time="0.031"/>
  <testcase name="getNonExistingUser" classname="waesqa.GetUserTest" time="0.01"/>
  <testcase name="getUserPositive" classname="waesqa.GetUserTest" time="0.03"/>
  <testcase name="createUserAndLogin" classname="waesqa.LoginTest" time="0.2"/>
  <testcase name="getLoginInvalidAuth" classname="waesqa.LoginTest" time="0.077"/>
  <testcase name="loginPositive" classname="waesqa.LoginTest" time="0.096"/>
  <testcase name="signUpPositive" classname="waesqa.SignUpTest" time="0.162"/>
  <testcase name="signUpRegressionCases_WithId" classname="waesqa.SignUpTest" time="1.099"/>
  <testcase name="signUpRegressionCases_EmptyName" classname="waesqa.SignUpTest" time="1.078"/>
  <testcase name="signUpRegressionCases_EmptyUsername" classname="waesqa.SignUpTest" time="1.076"/>
  <testcase name="signUpRegressionCases_EmptyEmail" classname="waesqa.SignUpTest" time="0.003">
    <failure message="expected [201] but found [403]" type="java.lang.AssertionError">java.lang.AssertionError: expected [201] but found [403]
	at waesqa.SignUpTest.signUpRegressionCases(SignUpTest.java:96)
</failure>
    <system-out><![CDATA[[INFO ] 2019-10-07 19:23:13.485 [main] TestBase - TEST signUpRegressionCases_EmptyUsername: *** PASSED ***


[INFO ] 2019-10-07 19:23:13.487 [main] TestBase - RUNNING TEST: *** signUpRegressionCases_EmptyEmail ***
[INFO ] 2019-10-07 19:23:13.488 [main] TestBase - Message: RUNNING TEST: *** signUpRegressionCases_EmptyEmail ***
]]></system-out>
  </testcase>
  <testcase name="signUpRegressionCases_EmptySuperpower" classname="waesqa.SignUpTest" time="0.782"/>
  <testcase name="signUpRegressionCases_EmptyDateOfBirth" classname="waesqa.SignUpTest" time="1.083"/>
  <testcase name="signUpRegressionCases_EmptyIsAdmin" classname="waesqa.SignUpTest" time="1.074"/>
  <testcase name="signUpRegressionCases_EmptyPassword" classname="waesqa.SignUpTest" time="1.078"/>
  <testcase name="signUpRegressionCases_MissingName" classname="waesqa.SignUpTest" time="1.08"/>
  <testcase name="signUpRegressionCases_MissingUsername" classname="waesqa.SignUpTest" time="1.083"/>
  <testcase name="signUpRegressionCases_MissingEmail" classname="waesqa.SignUpTest" time="1.107"/>
  <testcase name="signUpRegressionCases_MissingSuperpower" classname="waesqa.SignUpTest" time="1.085"/>
  <testcase name="signUpRegressionCases_MissingDateOfBirth" classname="waesqa.SignUpTest" time="1.076"/>
  <testcase name="signUpRegressionCases_MissingIsAdmin" classname="waesqa.SignUpTest" time="1.078"/>
  <testcase name="signUpRegressionCases_MissingPassword" classname="waesqa.SignUpTest" time="1.073"/>
  <testcase name="updateUserPositive" classname="waesqa.UpdateUserTest" time="0.18"/>
  <testcase name="updateUserRegressionCases_WithId" classname="waesqa.UpdateUserTest" time="1.073"/>
  <testcase name="updateUserRegressionCases_EmptyName" classname="waesqa.UpdateUserTest" time="1.069"/>
  <testcase name="updateUserRegressionCases_EmptyUsername" classname="waesqa.UpdateUserTest" time="1.072"/>
  <testcase name="updateUserRegressionCases_EmptyEmail" classname="waesqa.UpdateUserTest" time="1.059"/>
  <testcase name="updateUserRegressionCases_EmptySuperpower" classname="waesqa.UpdateUserTest" time="1.061"/>
  <testcase name="updateUserRegressionCases_EmptyDateOfBirth" classname="waesqa.UpdateUserTest" time="1.055"/>
  <testcase name="updateUserRegressionCases_EmptyIsAdmin" classname="waesqa.UpdateUserTest" time="1.054"/>
  <testcase name="updateUserRegressionCases_EmptyPassword" classname="waesqa.UpdateUserTest" time="1.062"/>
  <testcase name="updateUserRegressionCases_MissingName" classname="waesqa.UpdateUserTest" time="1.061"/>
  <testcase name="updateUserRegressionCases_MissingUsername" classname="waesqa.UpdateUserTest" time="1.061"/>
  <testcase name="updateUserRegressionCases_MissingEmail" classname="waesqa.UpdateUserTest" time="1.061"/>
  <testcase name="updateUserRegressionCases_MissingSuperpower" classname="waesqa.UpdateUserTest" time="1.06"/>
  <testcase name="updateUserRegressionCases_MissingDateOfBirth" classname="waesqa.UpdateUserTest" time="1.062"/>
  <testcase name="updateUserRegressionCases_MissingIsAdmin" classname="waesqa.UpdateUserTest" time="1.06"/>
  <testcase name="updateUserRegressionCases_MissingPassword" classname="waesqa.UpdateUserTest" time="1.062"/>
</testsuite>