<?xml version="1.0" encoding="UTF-8"?>
<!-- Generated by org.testng.reporters.JUnitReportReporter -->
<testsuite hostname="DESKTOP-42PTP2V" failures="0" tests="3" name="waesqa.LoginTest" time="0.409" errors="0" timestamp="2019-10-07T23:21:47 ART" skipped="0">
  <testcase classname="waesqa.LoginTest" name="loginPositive" time="0.113"/>
  <testcase classname="waesqa.LoginTest" name="getLoginInvalidAuth" time="0.096"/>
  <testcase classname="waesqa.LoginTest" name="createUserAndLogin" time="0.200"/>
</testsuite> <!-- waesqa.LoginTest -->
