<?xml version="1.0" encoding="UTF-8"?>
<!-- Generated by org.testng.reporters.JUnitReportReporter -->
<testsuite hostname="DESKTOP-42PTP2V" failures="0" tests="3" name="waesqa.GetAllUsersTest" time="0.709" errors="0" timestamp="2019-10-07T23:21:47 ART" skipped="0">
  <testcase classname="waesqa.GetAllUsersTest" name="getAllUsersPositive" time="0.178"/>
  <testcase classname="waesqa.GetAllUsersTest" name="createNewAdminUserAndGetAllUsers" time="0.415"/>
  <testcase classname="waesqa.GetAllUsersTest" name="getAllUsersInvalidAuth" time="0.116"/>
</testsuite> <!-- waesqa.GetAllUsersTest -->
