<?xml version="1.0" encoding="UTF-8"?>
<!-- Generated by org.testng.reporters.JUnitReportReporter -->
<testsuite hostname="DESKTOP-42PTP2V" failures="0" tests="3" name="waesqa.GetUserTest" time="1.320" errors="0" timestamp="2019-10-07T11:20:16 ART" skipped="0">
  <testcase classname="waesqa.GetUserTest" name="getEmptyUser" time="1.223"/>
  <testcase classname="waesqa.GetUserTest" name="getUserPositive" time="0.062"/>
  <testcase classname="waesqa.GetUserTest" name="getNonExistingUser" time="0.035"/>
</testsuite> <!-- waesqa.GetUserTest -->
