<?xml version="1.0" encoding="UTF-8"?>
<!-- Generated by org.testng.reporters.JUnitReportReporter -->
<testsuite hostname="DESKTOP-42PTP2V" failures="0" tests="15" name="waesqa.UpdateUserTest" time="16.341" errors="0" timestamp="2019-10-07T19:22:22 ART" skipped="0">
  <testcase classname="waesqa.UpdateUserTest" name="updateUserRegressionCases" time="1.096"/>
  <testcase classname="waesqa.UpdateUserTest" name="updateUserRegressionCases" time="1.090"/>
  <testcase classname="waesqa.UpdateUserTest" name="updateUserRegressionCases" time="1.083"/>
  <testcase classname="waesqa.UpdateUserTest" name="updateUserRegressionCases" time="1.084"/>
  <testcase classname="waesqa.UpdateUserTest" name="updateUserRegressionCases" time="1.084"/>
  <testcase classname="waesqa.UpdateUserTest" name="updateUserRegressionCases" time="1.092"/>
  <testcase classname="waesqa.UpdateUserTest" name="updateUserRegressionCases" time="1.100"/>
  <testcase classname="waesqa.UpdateUserTest" name="updateUserRegressionCases" time="1.092"/>
  <testcase classname="waesqa.UpdateUserTest" name="updateUserRegressionCases" time="1.087"/>
  <testcase classname="waesqa.UpdateUserTest" name="updateUserRegressionCases" time="1.100"/>
  <testcase classname="waesqa.UpdateUserTest" name="updateUserRegressionCases" time="1.087"/>
  <testcase classname="waesqa.UpdateUserTest" name="updateUserRegressionCases" time="1.078"/>
  <testcase classname="waesqa.UpdateUserTest" name="updateUserRegressionCases" time="1.090"/>
  <testcase classname="waesqa.UpdateUserTest" name="updateUserRegressionCases" time="1.090"/>
  <testcase classname="waesqa.UpdateUserTest" name="updateUserRegressionCases" time="1.088"/>
</testsuite> <!-- waesqa.UpdateUserTest -->
