<?xml version="1.0" encoding="UTF-8"?>
<!-- Generated by org.testng.reporters.JUnitReportReporter -->
<testsuite hostname="DESKTOP-42PTP2V" failures="0" tests="1" name="waesqa.GetAllUsersTest" time="1.234" errors="0" timestamp="2019-10-07T18:31:57 ART" skipped="0">
  <testcase classname="waesqa.GetAllUsersTest" name="createNewAdminUserAndGetAllUsers" time="1.234"/>
</testsuite> <!-- waesqa.GetAllUsersTest -->
