<?xml version="1.0" encoding="UTF-8"?>
<!-- Generated by org.testng.reporters.JUnitReportReporter -->
<testsuite hostname="DESKTOP-42PTP2V" failures="0" tests="1" name="waesqa.GetUserTest" time="1.063" errors="0" timestamp="2019-10-08T00:03:54 ART" skipped="0">
  <testcase classname="waesqa.GetUserTest" name="getEmptyUser" time="1.063"/>
</testsuite> <!-- waesqa.GetUserTest -->
