<?xml version="1.0" encoding="UTF-8"?>
<!-- Generated by org.testng.reporters.JUnitReportReporter -->
<testsuite hostname="DESKTOP-42PTP2V" failures="0" tests="1" name="waesqa.SignUpTest" time="1.250" errors="0" timestamp="2019-10-07T18:58:18 ART" skipped="0">
  <testcase classname="waesqa.SignUpTest" name="signUpPositive" time="1.250"/>
</testsuite> <!-- waesqa.SignUpTest -->
