<?xml version="1.0" encoding="UTF-8"?>
<!-- Generated by org.testng.reporters.JUnitReportReporter -->
<testsuite hostname="DESKTOP-42PTP2V" failures="0" tests="21" name="waesqa.UpdateUserTest" time="24.802" errors="0" timestamp="2019-10-08T20:32:38 ART" skipped="0">
  <testcase classname="waesqa.UpdateUserTest" name="updateUserRegressionCases" time="1.189"/>
  <testcase classname="waesqa.UpdateUserTest" name="updateUserRegressionCases" time="1.166"/>
  <testcase classname="waesqa.UpdateUserTest" name="updateUserRegressionCases" time="1.208"/>
  <testcase classname="waesqa.UpdateUserTest" name="updateUserRegressionCases" time="1.175"/>
  <testcase classname="waesqa.UpdateUserTest" name="updateUserRegressionCases" time="1.186"/>
  <testcase classname="waesqa.UpdateUserTest" name="updateUserRegressionCases" time="1.192"/>
  <testcase classname="waesqa.UpdateUserTest" name="updateUserRegressionCases" time="1.188"/>
  <testcase classname="waesqa.UpdateUserTest" name="updateUserRegressionCases" time="1.178"/>
  <testcase classname="waesqa.UpdateUserTest" name="updateUserRegressionCases" time="1.155"/>
  <testcase classname="waesqa.UpdateUserTest" name="updateUserRegressionCases" time="1.187"/>
  <testcase classname="waesqa.UpdateUserTest" name="updateUserRegressionCases" time="1.167"/>
  <testcase classname="waesqa.UpdateUserTest" name="updateUserRegressionCases" time="1.185"/>
  <testcase classname="waesqa.UpdateUserTest" name="updateUserRegressionCases" time="1.169"/>
  <testcase classname="waesqa.UpdateUserTest" name="updateUserRegressionCases" time="1.176"/>
  <testcase classname="waesqa.UpdateUserTest" name="updateUserRegressionCases" time="1.177"/>
  <testcase classname="waesqa.UpdateUserTest" name="updateUserRegressionCases" time="1.209"/>
  <testcase classname="waesqa.UpdateUserTest" name="updateUserRegressionCases" time="1.178"/>
  <testcase classname="waesqa.UpdateUserTest" name="updateUserRegressionCases" time="1.180"/>
  <testcase classname="waesqa.UpdateUserTest" name="updateUserRegressionCases" time="1.172"/>
  <testcase classname="waesqa.UpdateUserTest" name="updateUserRegressionCases" time="1.174"/>
  <testcase classname="waesqa.UpdateUserTest" name="updateUserRegressionCases" time="1.191"/>
</testsuite> <!-- waesqa.UpdateUserTest -->
