<?xml version="1.0" encoding="UTF-8"?>
<!-- Generated by org.testng.reporters.JUnitReportReporter -->
<testsuite hostname="DESKTOP-42PTP2V" failures="0" tests="16" name="waesqa.UpdateUserTest" time="16.445" errors="0" timestamp="2019-10-07T23:21:47 ART" skipped="0">
  <testcase classname="waesqa.UpdateUserTest" name="updateUserRegressionCases" time="1.081"/>
  <testcase classname="waesqa.UpdateUserTest" name="updateUserRegressionCases" time="1.079"/>
  <testcase classname="waesqa.UpdateUserTest" name="updateUserRegressionCases" time="1.085"/>
  <testcase classname="waesqa.UpdateUserTest" name="updateUserRegressionCases" time="1.078"/>
  <testcase classname="waesqa.UpdateUserTest" name="updateUserRegressionCases" time="1.079"/>
  <testcase classname="waesqa.UpdateUserTest" name="updateUserRegressionCases" time="1.081"/>
  <testcase classname="waesqa.UpdateUserTest" name="updateUserRegressionCases" time="1.081"/>
  <testcase classname="waesqa.UpdateUserTest" name="updateUserRegressionCases" time="1.082"/>
  <testcase classname="waesqa.UpdateUserTest" name="updateUserRegressionCases" time="1.098"/>
  <testcase classname="waesqa.UpdateUserTest" name="updateUserRegressionCases" time="1.082"/>
  <testcase classname="waesqa.UpdateUserTest" name="updateUserRegressionCases" time="1.082"/>
  <testcase classname="waesqa.UpdateUserTest" name="updateUserRegressionCases" time="1.080"/>
  <testcase classname="waesqa.UpdateUserTest" name="updateUserRegressionCases" time="1.079"/>
  <testcase classname="waesqa.UpdateUserTest" name="updateUserPositive" time="0.216"/>
  <testcase classname="waesqa.UpdateUserTest" name="updateUserRegressionCases" time="1.082"/>
  <testcase classname="waesqa.UpdateUserTest" name="updateUserRegressionCases" time="1.080"/>
</testsuite> <!-- waesqa.UpdateUserTest -->
