<?xml version="1.0" encoding="UTF-8"?>
<!-- Generated by org.testng.reporters.JUnitReportReporter -->
<testsuite hostname="DESKTOP-42PTP2V" failures="0" tests="16" name="waesqa.SignUpTest" time="17.926" errors="0" timestamp="2019-10-07T23:22:57 ART" skipped="0">
  <testcase classname="waesqa.SignUpTest" name="signUpRegressionCases" time="1.103"/>
  <testcase classname="waesqa.SignUpTest" name="signUpRegressionCases" time="1.125"/>
  <testcase classname="waesqa.SignUpTest" name="signUpRegressionCases" time="1.119"/>
  <testcase classname="waesqa.SignUpTest" name="signUpPositive" time="1.247"/>
  <testcase classname="waesqa.SignUpTest" name="signUpRegressionCases" time="1.118"/>
  <testcase classname="waesqa.SignUpTest" name="signUpRegressionCases" time="1.112"/>
  <testcase classname="waesqa.SignUpTest" name="signUpRegressionCases" time="1.100"/>
  <testcase classname="waesqa.SignUpTest" name="signUpRegressionCases" time="1.105"/>
  <testcase classname="waesqa.SignUpTest" name="signUpRegressionCases" time="1.130"/>
  <testcase classname="waesqa.SignUpTest" name="signUpRegressionCases" time="1.125"/>
  <testcase classname="waesqa.SignUpTest" name="signUpRegressionCases" time="1.119"/>
  <testcase classname="waesqa.SignUpTest" name="signUpRegressionCases" time="1.104"/>
  <testcase classname="waesqa.SignUpTest" name="signUpRegressionCases" time="1.103"/>
  <testcase classname="waesqa.SignUpTest" name="signUpRegressionCases" time="1.107"/>
  <testcase classname="waesqa.SignUpTest" name="signUpRegressionCases" time="1.104"/>
  <testcase classname="waesqa.SignUpTest" name="signUpRegressionCases" time="1.105"/>
</testsuite> <!-- waesqa.SignUpTest -->
