<?xml version="1.0" encoding="UTF-8"?>
<!-- Generated by org.testng.reporters.JUnitReportReporter -->
<testsuite hostname="DESKTOP-42PTP2V" failures="0" tests="3" name="waesqa.DeleteUserTest" time="0.310" errors="0" timestamp="2019-10-07T14:00:36 ART" skipped="0">
  <testcase classname="waesqa.DeleteUserTest" name="deleteNonExistingUser" time="0.108"/>
  <testcase classname="waesqa.DeleteUserTest" name="deletePositive" time="0.084"/>
  <testcase classname="waesqa.DeleteUserTest" name="deleteInvalidAuth" time="0.118"/>
</testsuite> <!-- waesqa.DeleteUserTest -->
