<?xml version="1.0" encoding="UTF-8"?>
<!-- Generated by org.testng.reporters.JUnitReportReporter -->
<testsuite hostname="DESKTOP-42PTP2V" failures="0" tests="1" name="waesqa.DeleteUserTest" time="0.208" errors="0" timestamp="2019-10-08T20:23:47 ART" skipped="0">
  <testcase classname="waesqa.DeleteUserTest" name="deleteNonExistingUser" time="0.208"/>
</testsuite> <!-- waesqa.DeleteUserTest -->
