<?xml version="1.0" encoding="UTF-8"?>
<!-- Generated by org.testng.reporters.JUnitReportReporter -->
<testsuite hostname="DESKTOP-42PTP2V" failures="0" tests="1" name="waesqa.LoginTest" time="1.152" errors="0" timestamp="2019-10-07T18:49:48 ART" skipped="0">
  <testcase classname="waesqa.LoginTest" name="createUserAndLogin" time="1.152"/>
</testsuite> <!-- waesqa.LoginTest -->
