<?xml version="1.0" encoding="UTF-8"?>
<!-- Generated by org.testng.reporters.JUnitReportReporter -->
<testsuite hostname="DESKTOP-42PTP2V" failures="0" tests="3" name="waesqa.LoginTest" time="0.428" errors="0" timestamp="2019-10-08T17:18:08 ART" skipped="0">
  <testcase classname="waesqa.LoginTest" name="getLoginInvalidAuth" time="0.092"/>
  <testcase classname="waesqa.LoginTest" name="createUserAndLogin" time="0.203"/>
  <testcase classname="waesqa.LoginTest" name="loginPositive" time="0.133"/>
</testsuite> <!-- waesqa.LoginTest -->
