<?xml version="1.0" encoding="UTF-8"?>
<!-- Generated by org.testng.reporters.JUnitReportReporter -->
<testsuite hostname="DESKTOP-42PTP2V" failures="0" tests="3" name="waesqa.GetAllUsersTest" time="0.430" errors="0" timestamp="2019-10-08T17:18:08 ART" skipped="0">
  <testcase classname="waesqa.GetAllUsersTest" name="getAllUsersInvalidAuth" time="0.103"/>
  <testcase classname="waesqa.GetAllUsersTest" name="getAllUsersPositive" time="0.136"/>
  <testcase classname="waesqa.GetAllUsersTest" name="createNewAdminUserAndGetAllUsers" time="0.191"/>
</testsuite> <!-- waesqa.GetAllUsersTest -->
