<?xml version="1.0" encoding="UTF-8"?>
<!-- Generated by org.testng.reporters.JUnitReportReporter -->
<testsuite hostname="DESKTOP-42PTP2V" failures="0" tests="16" name="waesqa.UpdateUserTest" time="16.395" errors="0" timestamp="2019-10-07T19:23:42 ART" skipped="0">
  <testcase classname="waesqa.UpdateUserTest" name="updateUserRegressionCases" time="1.077"/>
  <testcase classname="waesqa.UpdateUserTest" name="updateUserRegressionCases" time="1.078"/>
  <testcase classname="waesqa.UpdateUserTest" name="updateUserRegressionCases" time="1.076"/>
  <testcase classname="waesqa.UpdateUserTest" name="updateUserPositive" time="0.191"/>
  <testcase classname="waesqa.UpdateUserTest" name="updateUserRegressionCases" time="1.084"/>
  <testcase classname="waesqa.UpdateUserTest" name="updateUserRegressionCases" time="1.079"/>
  <testcase classname="waesqa.UpdateUserTest" name="updateUserRegressionCases" time="1.096"/>
  <testcase classname="waesqa.UpdateUserTest" name="updateUserRegressionCases" time="1.078"/>
  <testcase classname="waesqa.UpdateUserTest" name="updateUserRegressionCases" time="1.076"/>
  <testcase classname="waesqa.UpdateUserTest" name="updateUserRegressionCases" time="1.084"/>
  <testcase classname="waesqa.UpdateUserTest" name="updateUserRegressionCases" time="1.078"/>
  <testcase classname="waesqa.UpdateUserTest" name="updateUserRegressionCases" time="1.087"/>
  <testcase classname="waesqa.UpdateUserTest" name="updateUserRegressionCases" time="1.079"/>
  <testcase classname="waesqa.UpdateUserTest" name="updateUserRegressionCases" time="1.078"/>
  <testcase classname="waesqa.UpdateUserTest" name="updateUserRegressionCases" time="1.075"/>
  <testcase classname="waesqa.UpdateUserTest" name="updateUserRegressionCases" time="1.079"/>
</testsuite> <!-- waesqa.UpdateUserTest -->
