<?xml version="1.0" encoding="UTF-8"?>
<!-- Generated by org.testng.reporters.JUnitReportReporter -->
<testsuite hostname="DESKTOP-42PTP2V" failures="0" tests="3" name="waesqa.GetUserTest" time="0.137" errors="0" timestamp="2019-10-07T19:23:42 ART" skipped="0">
  <testcase classname="waesqa.GetUserTest" name="getUserPositive" time="0.055"/>
  <testcase classname="waesqa.GetUserTest" name="getEmptyUser" time="0.043"/>
  <testcase classname="waesqa.GetUserTest" name="getNonExistingUser" time="0.039"/>
</testsuite> <!-- waesqa.GetUserTest -->
