<?xml version="1.0" encoding="UTF-8"?>
<!-- Generated by org.testng.reporters.JUnitReportReporter -->
<testsuite hostname="DESKTOP-42PTP2V" failures="0" tests="1" name="waesqa.SignUpTest" time="0.168" errors="0" timestamp="2019-10-08T17:18:08 ART" skipped="0">
  <testcase classname="waesqa.SignUpTest" name="signUpPositive" time="0.168"/>
</testsuite> <!-- waesqa.SignUpTest -->
