<?xml version="1.0" encoding="UTF-8"?>
<!-- Generated by org.testng.reporters.JUnitReportReporter -->
<testsuite hostname="DESKTOP-42PTP2V" failures="0" tests="3" name="waesqa.GetUserTest" time="0.151" errors="0" timestamp="2019-10-08T17:18:08 ART" skipped="0">
  <testcase classname="waesqa.GetUserTest" name="getEmptyUser" time="0.039"/>
  <testcase classname="waesqa.GetUserTest" name="getNonExistingUser" time="0.047"/>
  <testcase classname="waesqa.GetUserTest" name="getUserPositive" time="0.065"/>
</testsuite> <!-- waesqa.GetUserTest -->
