<?xml version="1.0" encoding="UTF-8"?>
<!-- Generated by org.testng.reporters.JUnitReportReporter -->
<testsuite hostname="DESKTOP-42PTP2V" failures="0" tests="1" name="waesqa.UpdateUserTest" time="0.256" errors="0" timestamp="2019-10-08T17:18:08 ART" skipped="0">
  <testcase classname="waesqa.UpdateUserTest" name="updateUserPositive" time="0.256"/>
</testsuite> <!-- waesqa.UpdateUserTest -->
