<?xml version="1.0" encoding="UTF-8"?>
<!-- Generated by org.testng.reporters.JUnitReportReporter -->
<testsuite hostname="DESKTOP-42PTP2V" failures="0" tests="3" name="waesqa.DeleteUserTest" time="0.382" errors="0" timestamp="2019-10-07T19:23:42 ART" skipped="0">
  <testcase classname="waesqa.DeleteUserTest" name="deleteInvalidAuth" time="0.155"/>
  <testcase classname="waesqa.DeleteUserTest" name="deleteNonExistingUser" time="0.123"/>
  <testcase classname="waesqa.DeleteUserTest" name="deletePositive" time="0.104"/>
</testsuite> <!-- waesqa.DeleteUserTest -->
