<?xml version="1.0" encoding="UTF-8"?>
<!-- Generated by org.testng.reporters.JUnitReportReporter -->
<testsuite hostname="DESKTOP-42PTP2V" failures="0" tests="3" name="waesqa.LoginTest" time="0.408" errors="0" timestamp="2019-10-07T19:23:42 ART" skipped="0">
  <testcase classname="waesqa.LoginTest" name="getLoginInvalidAuth" time="0.090"/>
  <testcase classname="waesqa.LoginTest" name="createUserAndLogin" time="0.211"/>
  <testcase classname="waesqa.LoginTest" name="loginPositive" time="0.107"/>
</testsuite> <!-- waesqa.LoginTest -->
