<?xml version="1.0" encoding="UTF-8"?>
<!-- Generated by org.testng.reporters.JUnitReportReporter -->
<testsuite hostname="DESKTOP-42PTP2V" failures="0" tests="3" name="waesqa.GetAllUsersTest" time="0.394" errors="0" timestamp="2019-10-07T19:23:42 ART" skipped="0">
  <testcase classname="waesqa.GetAllUsersTest" name="createNewAdminUserAndGetAllUsers" time="0.180"/>
  <testcase classname="waesqa.GetAllUsersTest" name="getAllUsersInvalidAuth" time="0.092"/>
  <testcase classname="waesqa.GetAllUsersTest" name="getAllUsersPositive" time="0.122"/>
</testsuite> <!-- waesqa.GetAllUsersTest -->
